<?xml version="1.0" encoding="UTF-8"?>
<testng-results skipped="0" failed="1" ignored="0" total="4" passed="3">
  <reporter-output>
    <line>
      <![CDATA[这是第1个测试！]]>
    </line>
    <line>
      <![CDATA[这是第2个测试！]]>
    </line>
    <line>
      <![CDATA[这是第3个测试！]]>
    </line>
    <line>
      <![CDATA[这是第4个测试！]]>
    </line>
  </reporter-output>
  <suite name="Suite" duration-ms="16" started-at="2017-04-22T14:22:08Z" finished-at="2017-04-22T14:22:08Z">
    <groups>
    </groups>
    <test name="SwiftCoder2.0API" duration-ms="16" started-at="2017-04-22T14:22:08Z" finished-at="2017-04-22T14:22:08Z">
      <class name="com.test.test">
        <test-method status="PASS" signature="test2()[pri:0, instance:com.test.test@20b3a3]" name="test2" duration-ms="0" started-at="2017-04-22T22:22:08Z" finished-at="2017-04-22T22:22:08Z">
          <reporter-output>
            <line>
              <![CDATA[这是第2个测试！]]>
            </line>
          </reporter-output>
        </test-method> <!-- test2 -->
        <test-method status="PASS" signature="test1()[pri:0, instance:com.test.test@20b3a3]" name="test1" duration-ms="0" started-at="2017-04-22T22:22:08Z" finished-at="2017-04-22T22:22:08Z">
          <reporter-output>
            <line>
              <![CDATA[这是第1个测试！]]>
            </line>
          </reporter-output>
        </test-method> <!-- test1 -->
        <test-method status="FAIL" signature="test4()[pri:0, instance:com.test.test@20b3a3]" name="test4" duration-ms="0" started-at="2017-04-22T22:22:08Z" finished-at="2017-04-22T22:22:08Z">
          <exception class="java.lang.AssertionError">
            <message>
              <![CDATA[null]]>
            </message>
            <full-stacktrace>
              <![CDATA[java.lang.AssertionError: null
	at org.testng.Assert.fail(Assert.java:93)
	at org.testng.Assert.fail(Assert.java:100)
	at com.test.test.test4(test.java:32)
	at sun.reflect.NativeMethodAccessorImpl.invoke0(Native Method)
	at sun.reflect.NativeMethodAccessorImpl.invoke(NativeMethodAccessorImpl.java:57)
	at sun.reflect.DelegatingMethodAccessorImpl.invoke(DelegatingMethodAccessorImpl.java:43)
	at java.lang.reflect.Method.invoke(Method.java:606)
	at org.testng.internal.MethodInvocationHelper.invokeMethod(MethodInvocationHelper.java:108)
	at org.testng.internal.Invoker.invokeMethod(Invoker.java:661)
	at org.testng.internal.Invoker.invokeTestMethod(Invoker.java:869)
	at org.testng.internal.Invoker.invokeTestMethods(Invoker.java:1193)
	at org.testng.internal.TestMethodWorker.invokeTestMethods(TestMethodWorker.java:126)
	at org.testng.internal.TestMethodWorker.run(TestMethodWorker.java:109)
	at org.testng.TestRunner.privateRun(TestRunner.java:744)
	at org.testng.TestRunner.run(TestRunner.java:602)
	at org.testng.SuiteRunner.runTest(SuiteRunner.java:380)
	at org.testng.SuiteRunner.runSequentially(SuiteRunner.java:375)
	at org.testng.SuiteRunner.privateRun(SuiteRunner.java:340)
	at org.testng.SuiteRunner.run(SuiteRunner.java:289)
	at org.testng.SuiteRunnerWorker.runSuite(SuiteRunnerWorker.java:52)
	at org.testng.SuiteRunnerWorker.run(SuiteRunnerWorker.java:86)
	at org.testng.TestNG.runSuitesSequentially(TestNG.java:1301)
	at org.testng.TestNG.runSuitesLocally(TestNG.java:1226)
	at org.testng.TestNG.runSuites(TestNG.java:1144)
	at org.testng.TestNG.run(TestNG.java:1115)
	at org.testng.TestNG.privateMain(TestNG.java:1442)
	at org.testng.TestNG.main(TestNG.java:1411)
]]>
            </full-stacktrace>
          </exception> <!-- java.lang.AssertionError -->
          <reporter-output>
            <line>
              <![CDATA[这是第4个测试！]]>
            </line>
          </reporter-output>
        </test-method> <!-- test4 -->
        <test-method status="PASS" signature="test3()[pri:0, instance:com.test.test@20b3a3]" name="test3" duration-ms="0" started-at="2017-04-22T22:22:08Z" finished-at="2017-04-22T22:22:08Z">
          <reporter-output>
            <line>
              <![CDATA[这是第3个测试！]]>
            </line>
          </reporter-output>
        </test-method> <!-- test3 -->
      </class> <!-- com.test.test -->
    </test> <!-- SwiftCoder2.0API -->
  </suite> <!-- Suite -->
</testng-results>
